Using pre-set license
Built from '2020.3/staging' branch; Version is '2020.3.5f1 (8095aa901b9b) revision 8426922'; Using compiler version '192528614'; Build Type 'Release'
OS: 'Windows 10 Home; OS build 19043.1526; Version 2009; 64bit' Language: 'en' Physical Memory: 32683 MB
BatchMode: 1, IsHumanControllingUs: 0, StartBugReporterOnCrash: 0, Is64bit: 1, IsPro: 0

 COMMAND LINE ARGUMENTS:
C:\Program Files\Unity\Hub\Editor\2020.3.5f1\Editor\Unity.exe
-adb2
-batchMode
-noUpm
-name
AssetImportWorker0
-projectPath
D:/UnityMyProjects/BensUnity/PhysicsForGames
-logFile
Logs/AssetImportWorker0.log
-srvPort
52242
Successfully changed project path to: D:/UnityMyProjects/BensUnity/PhysicsForGames
D:/UnityMyProjects/BensUnity/PhysicsForGames
Using Asset Import Pipeline V2.
Refreshing native plugins compatible for Editor in 23.08 ms, found 0 plugins.
Preloading 0 native plugins for Editor in 0.00 ms.
Initialize engine version: 2020.3.5f1 (8095aa901b9b)
[Subsystems] Discovering subsystems at path C:/Program Files/Unity/Hub/Editor/2020.3.5f1/Editor/Data/Resources/UnitySubsystems
[Subsystems] Discovering subsystems at path D:/UnityMyProjects/BensUnity/PhysicsForGames/Assets
GfxDevice: creating device client; threaded=0
Direct3D:
    Version:  Direct3D 11.0 [level 11.1]
    Renderer: NVIDIA GeForce RTX 2080 (ID=0x1e87)
    Vendor:   
    VRAM:     8010 MB
    Driver:   27.21.14.6109
Initialize mono
Mono path[0] = 'C:/Program Files/Unity/Hub/Editor/2020.3.5f1/Editor/Data/Managed'
Mono path[1] = 'C:/Program Files/Unity/Hub/Editor/2020.3.5f1/Editor/Data/MonoBleedingEdge/lib/mono/unityjit'
Mono config path = 'C:/Program Files/Unity/Hub/Editor/2020.3.5f1/Editor/Data/MonoBleedingEdge/etc'
Using monoOptions --debugger-agent=transport=dt_socket,embedding=1,server=y,suspend=n,address=127.0.0.1:56420
Begin MonoManager ReloadAssembly
Registering precompiled unity dll's ...
Register platform support module: C:/Program Files/Unity/Hub/Editor/2020.3.5f1/Editor/Data/PlaybackEngines/WebGLSupport/UnityEditor.WebGL.Extensions.dll
Register platform support module: C:/Program Files/Unity/Hub/Editor/2020.3.5f1/Editor/Data/PlaybackEngines/WindowsStandaloneSupport/UnityEditor.WindowsStandalone.Extensions.dll
Registered in 0.002951 seconds.
Native extension for WindowsStandalone target not found
Native extension for WebGL target not found
Refreshing native plugins compatible for Editor in 21.26 ms, found 0 plugins.
Preloading 0 native plugins for Editor in 0.00 ms.
Mono: successfully reloaded assembly
- Completed reload, in  2.304 seconds
Platform modules already initialized, skipping
Registering precompiled user dll's ...
Registered in 0.000682 seconds.
Begin MonoManager ReloadAssembly
Symbol file data-0000025CF319E030 doesn't match image D:\UnityMyProjects\BensUnity\PhysicsForGames\Library\ScriptAssemblies\Unity.VSCode.Editor.dll
Symbol file LoadedFromMemory is not a mono symbol file
Symbol file data-0000025CF3838010 doesn't match image D:\UnityMyProjects\BensUnity\PhysicsForGames\Library\ScriptAssemblies\Unity.TextMeshPro.Editor.dll
Symbol file LoadedFromMemory is not a mono symbol file
Symbol file data-0000025CF7991440 doesn't match image D:\UnityMyProjects\BensUnity\PhysicsForGames\Library\ScriptAssemblies\Unity.VisualStudio.Editor.dll
Symbol file LoadedFromMemory is not a mono symbol file
Symbol file data-0000025CF8BCBAF0 doesn't match image D:\UnityMyProjects\BensUnity\PhysicsForGames\Library\ScriptAssemblies\UnityEngine.TestRunner.dll
Symbol file LoadedFromMemory is not a mono symbol file
Symbol file data-0000025CF82F4020 doesn't match image D:\UnityMyProjects\BensUnity\PhysicsForGames\Library\ScriptAssemblies\Unity.Timeline.Editor.dll
Symbol file LoadedFromMemory is not a mono symbol file
Symbol file data-0000025CF3437ED0 doesn't match image D:\UnityMyProjects\BensUnity\PhysicsForGames\Library\ScriptAssemblies\Unity.Timeline.dll
Symbol file LoadedFromMemory is not a mono symbol file
Symbol file data-0000025CF7E29020 doesn't match image D:\UnityMyProjects\BensUnity\PhysicsForGames\Library\ScriptAssemblies\Unity.TextMeshPro.dll
Symbol file LoadedFromMemory is not a mono symbol file
Symbol file data-0000025CF3437ED0 doesn't match image D:\UnityMyProjects\BensUnity\PhysicsForGames\Library\ScriptAssemblies\Unity.CollabProxy.Editor.dll
Symbol file LoadedFromMemory is not a mono symbol file
Symbol file data-0000025CF3437ED0 doesn't match image D:\UnityMyProjects\BensUnity\PhysicsForGames\Library\ScriptAssemblies\UnityEditor.TestRunner.dll
Symbol file LoadedFromMemory is not a mono symbol file
Symbol file data-0000025CF8FEC010 doesn't match image D:\UnityMyProjects\BensUnity\PhysicsForGames\Library\ScriptAssemblies\Unity.Rider.Editor.dll
Symbol file LoadedFromMemory is not a mono symbol file
Native extension for WindowsStandalone target not found
Native extension for WebGL target not found
Refreshing native plugins compatible for Editor in 0.18 ms, found 0 plugins.
Preloading 0 native plugins for Editor in 0.00 ms.
Mono: successfully reloaded assembly
- Completed reload, in  0.734 seconds
Platform modules already initialized, skipping
========================================================================
Worker process is ready to serve import requests
Launched and connected shader compiler UnityShaderCompiler.exe after 0.06 seconds
Refreshing native plugins compatible for Editor in 0.18 ms, found 0 plugins.
Preloading 0 native plugins for Editor in 0.00 ms.
Unloading 1178 Unused Serialized files (Serialized files now loaded: 0)
System memory in use before: 75.1 MB.
System memory in use after: 75.2 MB.

Unloading 10 unused Assets to reduce memory usage. Loaded Objects now: 1643.
Total: 2.598600 ms (FindLiveObjects: 0.506300 ms CreateObjectMapping: 0.051800 ms MarkObjects: 1.952300 ms  DeleteObjects: 0.086600 ms)

========================================================================
Received Import Request.
  path: Assets/Scripts/Game/Shooting/Weapon.cs
  artifactKey: Guid(bf7f01db0f5475d4a9ac974d8dc4937d) Importer(815301076,1909f56bfc062723c751e8b465ee728b)
Start importing Assets/Scripts/Game/Shooting/Weapon.cs using Guid(bf7f01db0f5475d4a9ac974d8dc4937d) Importer(815301076,1909f56bfc062723c751e8b465ee728b)  -> (artifact id: '35a43dc27d5c5d04ad16717fdbd0a650') in 0.017783 seconds
  Import took 0.019392 seconds .

========================================================================
Received Import Request.
  Time since last request: 38.159975 seconds.
  path: Assets/Scripts/Game/Shooting/Weapon.cs
  artifactKey: Guid(bf7f01db0f5475d4a9ac974d8dc4937d) Importer(815301076,1909f56bfc062723c751e8b465ee728b)
Start importing Assets/Scripts/Game/Shooting/Weapon.cs using Guid(bf7f01db0f5475d4a9ac974d8dc4937d) Importer(815301076,1909f56bfc062723c751e8b465ee728b)  -> (artifact id: '2c8422338ebbd3e9e3b9c42f074f6475') in 0.002310 seconds
  Import took 0.005389 seconds .

========================================================================
Received Import Request.
  Time since last request: 95.199276 seconds.
  path: Assets/Scripts/Game/Shooting/Weapon.cs
  artifactKey: Guid(bf7f01db0f5475d4a9ac974d8dc4937d) Importer(815301076,1909f56bfc062723c751e8b465ee728b)
Start importing Assets/Scripts/Game/Shooting/Weapon.cs using Guid(bf7f01db0f5475d4a9ac974d8dc4937d) Importer(815301076,1909f56bfc062723c751e8b465ee728b)  -> (artifact id: '36a7cb7b952ee0f6e68ba9cc3210af45') in 0.001904 seconds
  Import took 0.003571 seconds .

========================================================================
Received Import Request.
  Time since last request: 9.936105 seconds.
  path: Assets/Scripts/Game/Shooting/Weapon.cs
  artifactKey: Guid(bf7f01db0f5475d4a9ac974d8dc4937d) Importer(815301076,1909f56bfc062723c751e8b465ee728b)
Start importing Assets/Scripts/Game/Shooting/Weapon.cs using Guid(bf7f01db0f5475d4a9ac974d8dc4937d) Importer(815301076,1909f56bfc062723c751e8b465ee728b)  -> (artifact id: '89744f6863113c7f8470107c7040f1de') in 0.002017 seconds
  Import took 0.003542 seconds .

========================================================================
Received Prepare
Registering precompiled user dll's ...
Registered in 0.000594 seconds.
Begin MonoManager ReloadAssembly
Symbol file data-0000025CFB9C50B0 doesn't match image D:\UnityMyProjects\BensUnity\PhysicsForGames\Library\ScriptAssemblies\Unity.VSCode.Editor.dll
Symbol file LoadedFromMemory is not a mono symbol file
Symbol file data-0000025CF356F980 doesn't match image D:\UnityMyProjects\BensUnity\PhysicsForGames\Library\ScriptAssemblies\Unity.TextMeshPro.Editor.dll
Symbol file LoadedFromMemory is not a mono symbol file
Symbol file data-0000025CF934D010 doesn't match image D:\UnityMyProjects\BensUnity\PhysicsForGames\Library\ScriptAssemblies\Unity.VisualStudio.Editor.dll
Symbol file LoadedFromMemory is not a mono symbol file
Symbol file data-0000025CF934D010 doesn't match image D:\UnityMyProjects\BensUnity\PhysicsForGames\Library\ScriptAssemblies\UnityEngine.TestRunner.dll
Symbol file LoadedFromMemory is not a mono symbol file
Symbol file data-0000025CF82F4020 doesn't match image D:\UnityMyProjects\BensUnity\PhysicsForGames\Library\ScriptAssemblies\Unity.Timeline.Editor.dll
Symbol file LoadedFromMemory is not a mono symbol file
Symbol file data-0000025CF85A0010 doesn't match image D:\UnityMyProjects\BensUnity\PhysicsForGames\Library\ScriptAssemblies\Unity.Timeline.dll
Symbol file LoadedFromMemory is not a mono symbol file
Symbol file data-0000025CF818E010 doesn't match image D:\UnityMyProjects\BensUnity\PhysicsForGames\Library\ScriptAssemblies\Unity.TextMeshPro.dll
Symbol file LoadedFromMemory is not a mono symbol file
Symbol file data-0000025CF934D010 doesn't match image D:\UnityMyProjects\BensUnity\PhysicsForGames\Library\ScriptAssemblies\Unity.CollabProxy.Editor.dll
Symbol file LoadedFromMemory is not a mono symbol file
Symbol file data-0000025CF356F980 doesn't match image D:\UnityMyProjects\BensUnity\PhysicsForGames\Library\ScriptAssemblies\UnityEditor.TestRunner.dll
Symbol file LoadedFromMemory is not a mono symbol file
Symbol file data-0000025CF8E81620 doesn't match image D:\UnityMyProjects\BensUnity\PhysicsForGames\Library\ScriptAssemblies\Unity.Rider.Editor.dll
Symbol file LoadedFromMemory is not a mono symbol file
Native extension for WindowsStandalone target not found
Native extension for WebGL target not found
Refreshing native plugins compatible for Editor in 0.20 ms, found 0 plugins.
Preloading 0 native plugins for Editor in 0.00 ms.
Mono: successfully reloaded assembly
- Completed reload, in  0.695 seconds
Platform modules already initialized, skipping
Refreshing native plugins compatible for Editor in 0.22 ms, found 0 plugins.
Preloading 0 native plugins for Editor in 0.00 ms.
Unloading 1160 Unused Serialized files (Serialized files now loaded: 0)
System memory in use before: 73.7 MB.
System memory in use after: 73.8 MB.

Unloading 5 unused Assets to reduce memory usage. Loaded Objects now: 1646.
Total: 2.470400 ms (FindLiveObjects: 0.119200 ms CreateObjectMapping: 0.043000 ms MarkObjects: 2.237600 ms  DeleteObjects: 0.069200 ms)

========================================================================
Received Prepare
Registering precompiled user dll's ...
Registered in 0.000667 seconds.
Begin MonoManager ReloadAssembly
Symbol file data-0000025CFA54D650 doesn't match image D:\UnityMyProjects\BensUnity\PhysicsForGames\Library\ScriptAssemblies\Unity.VSCode.Editor.dll
Symbol file LoadedFromMemory is not a mono symbol file
Symbol file data-0000025CF356F980 doesn't match image D:\UnityMyProjects\BensUnity\PhysicsForGames\Library\ScriptAssemblies\Unity.TextMeshPro.Editor.dll
Symbol file LoadedFromMemory is not a mono symbol file
Symbol file data-0000025CFA168D60 doesn't match image D:\UnityMyProjects\BensUnity\PhysicsForGames\Library\ScriptAssemblies\Unity.VisualStudio.Editor.dll
Symbol file LoadedFromMemory is not a mono symbol file
Symbol file data-0000025CF3194010 doesn't match image D:\UnityMyProjects\BensUnity\PhysicsForGames\Library\ScriptAssemblies\UnityEngine.TestRunner.dll
Symbol file LoadedFromMemory is not a mono symbol file
Symbol file data-0000025D1D769020 doesn't match image D:\UnityMyProjects\BensUnity\PhysicsForGames\Library\ScriptAssemblies\Unity.Timeline.Editor.dll
Symbol file LoadedFromMemory is not a mono symbol file
Symbol file data-0000025CF7B6F040 doesn't match image D:\UnityMyProjects\BensUnity\PhysicsForGames\Library\ScriptAssemblies\Unity.Timeline.dll
Symbol file LoadedFromMemory is not a mono symbol file
Symbol file data-0000025CF800A020 doesn't match image D:\UnityMyProjects\BensUnity\PhysicsForGames\Library\ScriptAssemblies\Unity.TextMeshPro.dll
Symbol file LoadedFromMemory is not a mono symbol file
Symbol file data-0000025CF3194010 doesn't match image D:\UnityMyProjects\BensUnity\PhysicsForGames\Library\ScriptAssemblies\Unity.CollabProxy.Editor.dll
Symbol file LoadedFromMemory is not a mono symbol file
Symbol file data-0000025CF356F980 doesn't match image D:\UnityMyProjects\BensUnity\PhysicsForGames\Library\ScriptAssemblies\UnityEditor.TestRunner.dll
Symbol file LoadedFromMemory is not a mono symbol file
Symbol file data-0000025CFA490170 doesn't match image D:\UnityMyProjects\BensUnity\PhysicsForGames\Library\ScriptAssemblies\Unity.Rider.Editor.dll
Symbol file LoadedFromMemory is not a mono symbol file
Native extension for WindowsStandalone target not found
Native extension for WebGL target not found
Refreshing native plugins compatible for Editor in 0.24 ms, found 0 plugins.
Preloading 0 native plugins for Editor in 0.00 ms.
Mono: successfully reloaded assembly
- Completed reload, in  0.709 seconds
Platform modules already initialized, skipping
Refreshing native plugins compatible for Editor in 0.18 ms, found 0 plugins.
Preloading 0 native plugins for Editor in 0.00 ms.
Unloading 1160 Unused Serialized files (Serialized files now loaded: 0)
System memory in use before: 73.7 MB.
System memory in use after: 73.8 MB.

Unloading 5 unused Assets to reduce memory usage. Loaded Objects now: 1649.
Total: 1.423500 ms (FindLiveObjects: 0.107400 ms CreateObjectMapping: 0.029700 ms MarkObjects: 1.222500 ms  DeleteObjects: 0.063100 ms)

AssetImportWorkerClient::OnTransportError - code=2 error=End of file
